 LocalRelief log file
   Version 1.0.5
   Compiled July 23, 2021
   Started September 28, 2022 at 10:23 AM
 ==============================================================
 Input file: \\Mac\Home\Documents\terrainworks\code\TerrainWorksUtils\inst\elev_scottsburg\input_localRelief.txt
   copied below
 --------------------------------------------------------------
 # Input file for LocalRelief
 # Creating by surfaceMetrics.R
 # On 2022-09-28 10:23:28
 DEM: \\Mac\Home\Documents\terrainworks\code\TerrainWorksUtils\inst\elev_scottsburg\elev_scottsburg
 SCRATCH DIRECTORY: \\Mac\Home\Documents\terrainworks\code\TerrainWorksUtils\inst\elev_scottsburg
 RADIUS: 20
 DOWN SAMPLE: 1
 SAMPLE INTERVAL: 1
 OUTPUT DEV RASTER: dev_40
 ====================End Input File==========================
 
 Program runtime output follows
 
 DEM: \\Mac\Home\Documents\terrainworks\code\TerrainWorksUtils\inst\elev_scottsburg\elev_scottsburg
   Ncols: 3013
   Nrows: 3267
   Cellsize: 2.00000000000000
 Radius: 20.00000
 Output DEV raster: dev_40
 -------------------------------------------------
 Reading DEM
 Building mask
 Calculating local relief
 Created DEV flt raster dev_40
 CPU seconds: 11.89062
 Created log file .log
 Created log file dev_40.log
