  MakeGrids log file
    Version 1.0.8
    Compiled October 6, 2022
    Started October 19, 2022 at 10:49 AM
  ==============================================================
  Input file: \\Mac/Home/Documents/terrainworks/code/TerrainWorksUtils/inst/scratch\makegrids_input.txt
    copied below
  --------------------------------------------------------------
  # Input file for makeGrids
  # Creating by input_file_utils.R
  # On 2022-10-19 10:49:06
  DEM: \\Mac\Home\Documents\terrainworks\code\TerrainWorksUtils\inst\examples\elev_scottsburg
  SCRATCH DIRECTORY: \\Mac\Home\Documents\terrainworks\code\TerrainWorksUtils\inst\scratch
  LENGTH SCALE: 15
  GRID: GRADIENT, OUTPUT FILE = \\Mac/Home/Documents/terrainworks/code/TerrainWorksUtils/inst/scratch\grad
  GRID: PLAN CURVATURE, OUTPUT FILE = \\Mac/Home/Documents/terrainworks/code/TerrainWorksUtils/inst/scratch\plan
  GRID: PROFILE CURVATURE, OUTPUT FILE = \\Mac/Home/Documents/terrainworks/code/TerrainWorksUtils/inst/scratch\prof
  GRID: NORMAL SLOPE CURVATURE, OUTPUT FILE = \\Mac/Home/Documents/terrainworks/code/TerrainWorksUtils/inst/scratch\norm
  GRID: TANGENTIAL CURVATURE, OUTPUT FILE = \\Mac/Home/Documents/terrainworks/code/TerrainWorksUtils/inst/scratch\tan
  ====================End Input File==========================
 
  Program runtime output follows
 
  DEM file: \\Mac\Home\Documents\terrainworks\code\TerrainWorksUtils\inst\examples\elev_scottsburg
 
  Grids to construct:
  SLOPE
  PLANCURV
  PROFCURV
  PROFILE
  TANGENTIAL
 
  Reading DEM
  Calculating surface metrics
  Scale length: 15.00000
  Created PROFILE CURVATURE file \\Mac/Home/Documents/terrainworks/code/TerrainWorksUtils/inst/scratch\prof
  Created PROFILE CURVATURE file
  Created TANGENTIAL CURVATURE file
  Created PLAN CURVATURE file \\Mac/Home/Documents/terrainworks/code/TerrainWorksUtils/inst/scratch\plan
  Created GRADIENT file \\Mac/Home/Documents/terrainworks/code/TerrainWorksUtils/inst/scratch\grad
  MakeGrids finished at October 19, 2022 at 10:49: 8:447 AM
  Elapsed CPU (seconds): 1.218750
