  MakeGrids log file
    Version 1.0.9
    Compiled January 7, 2023
    Started May 15, 2023 at 11:45 AM
  ==============================================================
  Input file: //Mac/Home/Documents/terrainworks/code/sandbox/data/predicting_input/Siuslaw/basin_6\makegrids_input.txt
    copied below
  --------------------------------------------------------------
  # Input file for makeGrids
  # Creating by input_file_utils.R
  # On 2023-05-15 11:45:29
  DEM: \\Mac\Home\Documents\terrainworks\code\sandbox\data\downloaded_3.6\in\Siuslaw\basin_6
  SCRATCH DIRECTORY: \\Mac\Home\Documents\terrainworks\code\sandbox\data\predicting_input\Siuslaw\basin_6
  LENGTH SCALE: 15
  GRID: GRADIENT, OUTPUT FILE = //Mac/Home/Documents/terrainworks/code/sandbox/data/predicting_input/Siuslaw/basin_6/gradient
  GRID: MEAN CURVATURE, OUTPUT FILE = //Mac/Home/Documents/terrainworks/code/sandbox/data/predicting_input/Siuslaw/basin_6/mean_curv
  ====================End Input File==========================
 
  Program runtime output follows
 
  DEM file: \\Mac\Home\Documents\terrainworks\code\sandbox\data\downloaded_3.6\in\Siuslaw\basin_6
 
  Grids to construct:
  SLOPE
  MEAN
 
  Reading DEM
  Calculating surface metrics
  Scale length: 15.00000
  Created MEAN CURVATURE file
  Created GRADIENT file //Mac/Home/Documents/terrainworks/code/sandbox/data/predicting_input/Siuslaw/basin_6/gradient
  MakeGrids finished at May 15, 2023 at 11:45:35:321 AM
  Elapsed CPU (seconds): 4.343750
  Created log file //Mac/Home/Documents/terrainworks/code/sandbox/data/predicting_input/Siuslaw/basin_6/gradient.log
