  partialAccum log file
    Version 1.0.2
    Compiled January 8, 2023
    Started April 24, 2023 at 3:09 PM
  ==============================================================
  Input file: c:/tempDir/out/\partial_input.txt
    copied below
  --------------------------------------------------------------
  # Input file for partial
  # Creating by input_file_utils.R
  # On 2023-04-24 15:09:51.684083
  DEM: C:\tempDir\in\Siuslaw\basin_6
  SCRATCH DIRECTORY: C:\tempDir\out
  LENGTH SCALE: 15
  DURATION: 6
  CONDUCTIVITY: 1
  OUTPUT RASTER: c:\tempDir\out\pca_6_106
  ====================End Input File==========================
 
  Program runtime output follows
 
  Scratch directory: C:\tempDir\out\
 
  DEM: C:\tempDir\in\Siuslaw\basin_6
    Ncols = 1236
    Nrows = 1181
    Cellsize = 2.00000000000000
    Length scale = 15.0000000000000
 
  Storm duration (hrs) = 6.000000
  Saturated hydraulic conductivity (m/hr) = 1.000000
 
  Creating gradient and aspect grids
  Accumulating
  CPU seconds: 0.2968750
